<?xml version="1.0" encoding="UTF-8"?>
<testsuite name="EE Composit2.Event Engine API Calls V2.5x" tests="2" failures="1" errors="0" time="2.035"><properties>
[...]
</properties><testcase name="ZZ_EE_Test1" time="1.007"/><testcase name="ZZ_EE_Test2" time="1.028"><failure type="Failing due to failed test step" message="Failing due to failed test step"><![CDATA[<h3><b>Sample Step 2 Failed</b></h3><pre>[Match content of [status]] Comparison failed. Path: [$['status']]; Expected value: [Successx]; Actual value: [Success].
</pre><hr/>]]></failure></testcase></testsuite>