<?xml version="1.0" encoding="UTF-8"?>
<testsuite name="EE Composit.Event Engine API Calls V2.5x" tests="4" failures="2" errors="0" time="5.58"><properties>
[...]
</properties><testcase name="Venues - POSITIVE" time="0.6"/><testcase name="Artists - POSITIVE" time="1.951"><failure type="Failing due to failed test step" message="Failing due to failed test step"><![CDATA[<h3><b>Artist ID Events - API Call Only Failed</b></h3><pre>[Validate Event ID at the TOP] Missing token [results":[{"id] in Response
</pre><hr/><h3><b>Artist ID Events - Start and End Date Failed</b></h3><pre>[Valid Result is Not Empty - > Result []] Result is Empty Result[]. Expression: (totalelement != 0). Values: totalelement = 0
</pre><hr/><h3><b>Artist ID Events - Start and End Date &amp; Page Failed</b></h3><pre>[Valid Result is Not Empty - > Result []] Result is Empty Result[]. Expression: (totalelement != 0). Values: totalelement = 0
</pre><hr/><h3><b>Artist ID Events - Start and End Date &amp; Size Failed</b></h3><pre>[Valid Result is Not Empty - > Result []] Result is Empty Result[]. Expression: (totalelement != 0). Values: totalelement = 0
</pre><hr/><h3><b>Artist ID Events - Start and End Date &amp; Size &amp; Page Failed</b></h3><pre>[Valid Result is Not Empty - > Result []] Result is Empty Result[]. Expression: (totalelement != 0). Values: totalelement = 0
</pre><hr/>]]></failure></testcase><testcase name="Dates - POSITIVE" time="0.588"/><testcase name="Events - POSITIVE" time="2.441"><failure type="Failing due to failed test step" message="Failing due to failed test step"><![CDATA[<h3><b>Return A Event &amp; Check Response Body Failed</b></h3><pre>[Match content of [edp_url] using RegEx] Comparison failed. Path: [$['results'][0]['msg_edp_url']]; Expected value: [true]; Actual value: [false].
[Check for existence of [default_image]] Comparison failed. Path: [$['results'][0]['default_image']]; Expected value: [true]; Actual value: [false].
</pre><hr/><h3><b>Sort by Start Date Ascending Failed</b></h3><pre>[Valid Result is Not Empty - > Result []] Result is Empty Result[]. Expression: (totalelement != 0). Values: totalelement = 0
</pre><hr/><h3><b>Sort by Start Date Descending Failed</b></h3><pre>[Valid Result is Not Empty - > Result []] Result is Empty Result[]. Expression: (totalelement != 0). Values: totalelement = 0
</pre><hr/><h3><b>Start Date and End Date and Min price and Max price Failed</b></h3><pre>[Valid Result is Not Empty - > Result []] Result is Empty Result[]. Expression: (totalelement != 0). Values: totalelement = 0
</pre><hr/><h3><b>Start Date and End Date and Min price and Max price &amp; venue_id Failed</b></h3><pre>[Valid Result is Not Empty - > Result []] Result is Empty Result[]. Expression: (totalelement != 0). Values: totalelement = 0
</pre><hr/>]]></failure></testcase></testsuite>