<?xml version="1.0" encoding="UTF-8"?>
<testSuiteResults>
  <testCase>
    <startTime>15:05:06</startTime>
    <status>FINISHED</status>
    <testCaseId>15371370-7d81-4eae-ac22-a2f8b9257fe2</testCaseId>
    <testCaseName>ZZ_EE_Test1</testCaseName>
    <timeTaken>1007</timeTaken>
    <testStepResults>
      <result>
        <message>Step 1 [Sample Step 1] OK: took 591 ms</message>
        <name>Sample Step 1</name>
        <order>2</order>
        <started>15:05:06.386</started>
        <status>OK</status>
        <timeTaken>591</timeTaken>
      </result>
      <result>
        <message>Step 2 [Sample Step 2] OK: took 416 ms</message>
        <name>Sample Step 2</name>
        <order>3</order>
        <started>15:05:09.985</started>
        <status>OK</status>
        <timeTaken>416</timeTaken>
      </result>
    </testStepResults>
    <testStepParameters>
      <parameters>
        <iconPath>/rest_request_step.png</iconPath>
        <testStepName>Sample Step 1</testStepName>
      </parameters>
      <parameters>
        <iconPath>/rest_request_step.png</iconPath>
        <testStepName>Sample Step 2</testStepName>
      </parameters>
    </testStepParameters>
    <failedTestSteps/>
  </testCase>
  <testCase>
    <reason>Failing due to failed test step</reason>
    <startTime>15:05:11</startTime>
    <status>FAILED</status>
    <testCaseId>899d8d2d-9514-4d29-bb9e-02c713ec8b9f</testCaseId>
    <testCaseName>ZZ_EE_Test2</testCaseName>
    <timeTaken>1028</timeTaken>
    <testStepResults>
      <result>
        <message>Step 1 [Sample Step 1] OK: took 514 ms</message>
        <name>Sample Step 1</name>
        <order>2</order>
        <started>15:05:11.630</started>
        <status>OK</status>
        <timeTaken>514</timeTaken>
      </result>
      <result>
        <message>Step 2 [Sample Step 2] FAILED: took 514 ms
 -> [Match content of [status]] Comparison failed. Path: [$['status']]; Expected value: [Successx]; Actual value: [Success].</message>
        <name>Sample Step 2</name>
        <order>3</order>
        <started>15:05:12.980</started>
        <status>FAILED</status>
        <timeTaken>514</timeTaken>
      </result>
    </testStepResults>
    <testStepParameters>
      <parameters>
        <iconPath>/rest_request_step.png</iconPath>
        <testStepName>Sample Step 1</testStepName>
      </parameters>
      <parameters>
        <iconPath>/rest_request_step.png</iconPath>
        <testStepName>Sample Step 2</testStepName>
      </parameters>
    </testStepParameters>
    <failedTestSteps>
      <error>
        <detail>&lt;Error Detail disabled></detail>
        <icon>rest_request_step.png</icon>
        <testCaseName>ZZ_EE_Test2</testCaseName>
        <testStepName>Sample Step 2</testStepName>
        <testSuiteName>Event Engine API Calls V2.5x</testSuiteName>
      </error>
    </failedTestSteps>
  </testCase>
</testSuiteResults>